# JRE version: OpenJDK Runtime Environment (17.0.6) (build 17.0.6+0-b2043.56-9586694)
# Java VM: OpenJDK 64-Bit Server VM (17.0.6+0-b2043.56-9586694, mixed mode, tiered, compressed oops, compressed class ptrs, g1 gc, windows-amd64)
GC Precious Log:
 CPUs: 8 total, 8 available
 Memory: 14269M
 Large Page Support: Disabled
 NUMA Support: Disabled
 Compressed Oops: Enabled (32-bit)
 Heap Region Size: 1M
 Heap Min Capacity: 8M
 Heap Initial Capacity: 224M
 Heap Max Capacity: 2G
 Pre-touch: Disabled
 Parallel Workers: 8
 Concurrent Workers: 2
 Concurrent Refinement Workers: 8
 Periodic GC: Disabled
Heap:
 garbage-first heap   total 274432K, used 90958K [0x0000000080000000, 0x0000000100000000)
  region size 1024K, 13 young (13312K), 1 survivors (1024K)
 Metaspace       used 92523K, committed 93120K, reserved 1130496K
  class space    used 12651K, committed 12928K, reserved 1048576K
GC Heap History (20 events):
Event: 13.172 GC heap before
{Heap before GC invocations=33 (full 0):
 garbage-first heap   total 101376K, used 82596K [0x0000000080000000, 0x0000000100000000)
  region size 1024K, 28 young (28672K), 4 survivors (4096K)
 Metaspace       used 74780K, committed 75328K, reserved 1114112K
  class space    used 10127K, committed 10368K, reserved 1048576K
}
Event: 13.178 GC heap after
{Heap after GC invocations=34 (full 0):
 garbage-first heap   total 101376K, used 60436K [0x0000000080000000, 0x0000000100000000)
  region size 1024K, 4 young (4096K), 4 survivors (4096K)
 Metaspace       used 74780K, committed 75328K, reserved 1114112K
  class space    used 10127K, committed 10368K, reserved 1048576K
}
Event: 13.676 GC heap before
{Heap before GC invocations=35 (full 0):
 garbage-first heap   total 109568K, used 82964K [0x0000000080000000, 0x0000000100000000)
  region size 1024K, 26 young (26624K), 4 survivors (4096K)
 Metaspace       used 76924K, committed 77504K, reserved 1122304K
  class space    used 10453K, committed 10688K, reserved 1048576K
}
Event: 13.682 GC heap after
{Heap after GC invocations=36 (full 0):
 garbage-first heap   total 109568K, used 61831K [0x0000000080000000, 0x0000000100000000)
  region size 1024K, 2 young (2048K), 2 survivors (2048K)
 Metaspace       used 76924K, committed 77504K, reserved 1122304K
  class space    used 10453K, committed 10688K, reserved 1048576K
}
Event: 14.403 GC heap before
{Heap before GC invocations=36 (full 0):
 garbage-first heap   total 109568K, used 89479K [0x0000000080000000, 0x0000000100000000)
  region size 1024K, 29 young (29696K), 2 survivors (2048K)
 Metaspace       used 80637K, committed 81280K, reserved 1122304K
  class space    used 10979K, committed 11264K, reserved 1048576K
}
Event: 14.407 GC heap after
{Heap after GC invocations=37 (full 0):
 garbage-first heap   total 132096K, used 63868K [0x0000000080000000, 0x0000000100000000)
  region size 1024K, 4 young (4096K), 4 survivors (4096K)
 Metaspace       used 80637K, committed 81280K, reserved 1122304K
  class space    used 10979K, committed 11264K, reserved 1048576K
}
Event: 14.940 GC heap before
{Heap before GC invocations=38 (full 0):
 garbage-first heap   total 132096K, used 106876K [0x0000000080000000, 0x0000000100000000)
  region size 1024K, 46 young (47104K), 4 survivors (4096K)
 Metaspace       used 81686K, committed 82304K, reserved 1122304K
  class space    used 11128K, committed 11392K, reserved 1048576K
}
Event: 14.949 GC heap after
{Heap after GC invocations=39 (full 0):
 garbage-first heap   total 132096K, used 69858K [0x0000000080000000, 0x0000000100000000)
  region size 1024K, 6 young (6144K), 6 survivors (6144K)
 Metaspace       used 81686K, committed 82304K, reserved 1122304K
  class space    used 11128K, committed 11392K, reserved 1048576K
}
Event: 14.960 GC heap before
{Heap before GC invocations=39 (full 0):
 garbage-first heap   total 132096K, used 70882K [0x0000000080000000, 0x0000000100000000)
  region size 1024K, 7 young (7168K), 6 survivors (6144K)
 Metaspace       used 81686K, committed 82304K, reserved 1122304K
  class space    used 11128K, committed 11392K, reserved 1048576K
}
Event: 14.966 GC heap after
{Heap after GC invocations=40 (full 0):
 garbage-first heap   total 132096K, used 70455K [0x0000000080000000, 0x0000000100000000)
  region size 1024K, 1 young (1024K), 1 survivors (1024K)
 Metaspace       used 81686K, committed 82304K, reserved 1122304K
  class space    used 11128K, committed 11392K, reserved 1048576K
}
Event: 15.690 GC heap before
{Heap before GC invocations=40 (full 0):
 garbage-first heap   total 132096K, used 107319K [0x0000000080000000, 0x0000000100000000)
  region size 1024K, 37 young (37888K), 1 survivors (1024K)
 Metaspace       used 84106K, committed 84800K, reserved 1130496K
  class space    used 11634K, committed 11968K, reserved 1048576K
}
Event: 15.697 GC heap after
{Heap after GC invocations=41 (full 0):
 garbage-first heap   total 132096K, used 73880K [0x0000000080000000, 0x0000000100000000)
  region size 1024K, 5 young (5120K), 5 survivors (5120K)
 Metaspace       used 84106K, committed 84800K, reserved 1130496K
  class space    used 11634K, committed 11968K, reserved 1048576K
}
Event: 16.181 GC heap before
{Heap before GC invocations=42 (full 0):
 garbage-first heap   total 135168K, used 105624K [0x0000000080000000, 0x0000000100000000)
  region size 1024K, 37 young (37888K), 5 survivors (5120K)
 Metaspace       used 84338K, committed 85056K, reserved 1130496K
  class space    used 11640K, committed 11968K, reserved 1048576K
}
Event: 16.186 GC heap after
{Heap after GC invocations=43 (full 0):
 garbage-first heap   total 135168K, used 76036K [0x0000000080000000, 0x0000000100000000)
  region size 1024K, 3 young (3072K), 3 survivors (3072K)
 Metaspace       used 84338K, committed 85056K, reserved 1130496K
  class space    used 11640K, committed 11968K, reserved 1048576K
}
Event: 16.841 GC heap before
{Heap before GC invocations=43 (full 0):
 garbage-first heap   total 135168K, used 108804K [0x0000000080000000, 0x0000000100000000)
  region size 1024K, 36 young (36864K), 3 survivors (3072K)
 Metaspace       used 86986K, committed 87616K, reserved 1130496K
  class space    used 11901K, committed 12160K, reserved 1048576K
}
Event: 16.845 GC heap after
{Heap after GC invocations=44 (full 0):
 garbage-first heap   total 135168K, used 77939K [0x0000000080000000, 0x0000000100000000)
  region size 1024K, 5 young (5120K), 5 survivors (5120K)
 Metaspace       used 86986K, committed 87616K, reserved 1130496K
  class space    used 11901K, committed 12160K, reserved 1048576K
}
Event: 17.557 GC heap before
{Heap before GC invocations=45 (full 0):
 garbage-first heap   total 137216K, used 109683K [0x0000000080000000, 0x0000000100000000)
  region size 1024K, 37 young (37888K), 5 survivors (5120K)
 Metaspace       used 91579K, committed 92160K, reserved 1130496K
  class space    used 12515K, committed 12800K, reserved 1048576K
}
Event: 17.563 GC heap after
{Heap after GC invocations=46 (full 0):
 garbage-first heap   total 137216K, used 79636K [0x0000000080000000, 0x0000000100000000)
  region size 1024K, 4 young (4096K), 4 survivors (4096K)
 Metaspace       used 91579K, committed 92160K, reserved 1130496K
  class space    used 12515K, committed 12800K, reserved 1048576K
}
Event: 17.597 GC heap before
{Heap before GC invocations=46 (full 0):
 garbage-first heap   total 137216K, used 81684K [0x0000000080000000, 0x0000000100000000)
  region size 1024K, 6 young (6144K), 4 survivors (4096K)
 Metaspace       used 91909K, committed 92544K, reserved 1130496K
  class space    used 12561K, committed 12864K, reserved 1048576K
}
Event: 17.603 GC heap after
{Heap after GC invocations=47 (full 0):
 garbage-first heap   total 274432K, used 79694K [0x0000000080000000, 0x0000000100000000)
  region size 1024K, 1 young (1024K), 1 survivors (1024K)
 Metaspace       used 91909K, committed 92544K, reserved 1130496K
  class space    used 12561K, committed 12864K, reserved 1048576K
}

