# JRE version: OpenJDK Runtime Environment (17.0.6) (build 17.0.6+0-b2043.56-9586694)
# Java VM: OpenJDK 64-Bit Server VM (17.0.6+0-b2043.56-9586694, mixed mode, tiered, compressed oops, compressed class ptrs, g1 gc, windows-amd64)
GC Precious Log:
 CPUs: 8 total, 8 available
 Memory: 14269M
 Large Page Support: Disabled
 NUMA Support: Disabled
 Compressed Oops: Enabled (32-bit)
 Heap Region Size: 1M
 Heap Min Capacity: 8M
 Heap Initial Capacity: 224M
 Heap Max Capacity: 2G
 Pre-touch: Disabled
 Parallel Workers: 8
 Concurrent Workers: 2
 Concurrent Refinement Workers: 8
 Periodic GC: Disabled
Heap:
 garbage-first heap   total 186368K, used 78217K [0x0000000080000000, 0x0000000100000000)
  region size 1024K, 3 young (3072K), 3 survivors (3072K)
 Metaspace       used 84665K, committed 85312K, reserved 1130496K
  class space    used 11653K, committed 11968K, reserved 1048576K
GC Heap History (20 events):
Event: 13.691 GC heap after
{Heap after GC invocations=36 (full 0):
 garbage-first heap   total 104448K, used 54521K [0x0000000080000000, 0x0000000100000000)
  region size 1024K, 3 young (3072K), 3 survivors (3072K)
 Metaspace       used 67553K, committed 68096K, reserved 1114112K
  class space    used 8923K, committed 9152K, reserved 1048576K
}
Event: 14.122 GC heap before
{Heap before GC invocations=36 (full 0):
 garbage-first heap   total 104448K, used 80121K [0x0000000080000000, 0x0000000100000000)
  region size 1024K, 28 young (28672K), 3 survivors (3072K)
 Metaspace       used 68652K, committed 69184K, reserved 1114112K
  class space    used 9070K, committed 9280K, reserved 1048576K
}
Event: 14.130 GC heap after
{Heap after GC invocations=37 (full 0):
 garbage-first heap   total 125952K, used 57006K [0x0000000080000000, 0x0000000100000000)
  region size 1024K, 4 young (4096K), 4 survivors (4096K)
 Metaspace       used 68652K, committed 69184K, reserved 1114112K
  class space    used 9070K, committed 9280K, reserved 1048576K
}
Event: 15.064 GC heap before
{Heap before GC invocations=38 (full 0):
 garbage-first heap   total 125952K, used 94894K [0x0000000080000000, 0x0000000100000000)
  region size 1024K, 41 young (41984K), 4 survivors (4096K)
 Metaspace       used 73238K, committed 73728K, reserved 1114112K
  class space    used 9912K, committed 10112K, reserved 1048576K
}
Event: 15.069 GC heap after
{Heap after GC invocations=39 (full 0):
 garbage-first heap   total 125952K, used 59489K [0x0000000080000000, 0x0000000100000000)
  region size 1024K, 5 young (5120K), 5 survivors (5120K)
 Metaspace       used 73238K, committed 73728K, reserved 1114112K
  class space    used 9912K, committed 10112K, reserved 1048576K
}
Event: 15.825 GC heap before
{Heap before GC invocations=39 (full 0):
 garbage-first heap   total 125952K, used 97377K [0x0000000080000000, 0x0000000100000000)
  region size 1024K, 42 young (43008K), 5 survivors (5120K)
 Metaspace       used 76841K, committed 77440K, reserved 1122304K
  class space    used 10448K, committed 10688K, reserved 1048576K
}
Event: 15.830 GC heap after
{Heap after GC invocations=40 (full 0):
 garbage-first heap   total 125952K, used 62142K [0x0000000080000000, 0x0000000100000000)
  region size 1024K, 6 young (6144K), 6 survivors (6144K)
 Metaspace       used 76841K, committed 77440K, reserved 1122304K
  class space    used 10448K, committed 10688K, reserved 1048576K
}
Event: 16.518 GC heap before
{Heap before GC invocations=40 (full 0):
 garbage-first heap   total 125952K, used 97982K [0x0000000080000000, 0x0000000100000000)
  region size 1024K, 41 young (41984K), 6 survivors (6144K)
 Metaspace       used 81080K, committed 81664K, reserved 1122304K
  class space    used 11051K, committed 11264K, reserved 1048576K
}
Event: 16.524 GC heap after
{Heap after GC invocations=41 (full 0):
 garbage-first heap   total 125952K, used 65345K [0x0000000080000000, 0x0000000100000000)
  region size 1024K, 6 young (6144K), 6 survivors (6144K)
 Metaspace       used 81080K, committed 81664K, reserved 1122304K
  class space    used 11051K, committed 11264K, reserved 1048576K
}
Event: 16.934 GC heap before
{Heap before GC invocations=42 (full 0):
 garbage-first heap   total 125952K, used 100161K [0x0000000080000000, 0x0000000100000000)
  region size 1024K, 40 young (40960K), 6 survivors (6144K)
 Metaspace       used 81672K, committed 82240K, reserved 1122304K
  class space    used 11129K, committed 11392K, reserved 1048576K
}
Event: 16.944 GC heap after
{Heap after GC invocations=43 (full 0):
 garbage-first heap   total 125952K, used 70496K [0x0000000080000000, 0x0000000100000000)
  region size 1024K, 5 young (5120K), 5 survivors (5120K)
 Metaspace       used 81672K, committed 82240K, reserved 1122304K
  class space    used 11129K, committed 11392K, reserved 1048576K
}
Event: 16.953 GC heap before
{Heap before GC invocations=43 (full 0):
 garbage-first heap   total 125952K, used 71520K [0x0000000080000000, 0x0000000100000000)
  region size 1024K, 6 young (6144K), 5 survivors (5120K)
 Metaspace       used 81673K, committed 82240K, reserved 1122304K
  class space    used 11129K, committed 11392K, reserved 1048576K
}
Event: 16.958 GC heap after
{Heap after GC invocations=44 (full 0):
 garbage-first heap   total 125952K, used 71515K [0x0000000080000000, 0x0000000100000000)
  region size 1024K, 1 young (1024K), 1 survivors (1024K)
 Metaspace       used 81673K, committed 82240K, reserved 1122304K
  class space    used 11129K, committed 11392K, reserved 1048576K
}
Event: 17.543 GC heap before
{Heap before GC invocations=44 (full 0):
 garbage-first heap   total 125952K, used 101211K [0x0000000080000000, 0x0000000100000000)
  region size 1024K, 30 young (30720K), 1 survivors (1024K)
 Metaspace       used 83644K, committed 84288K, reserved 1122304K
  class space    used 11506K, committed 11840K, reserved 1048576K
}
Event: 17.547 GC heap after
{Heap after GC invocations=45 (full 0):
 garbage-first heap   total 125952K, used 74187K [0x0000000080000000, 0x0000000100000000)
  region size 1024K, 4 young (4096K), 4 survivors (4096K)
 Metaspace       used 83644K, committed 84288K, reserved 1122304K
  class space    used 11506K, committed 11840K, reserved 1048576K
}
Event: 17.905 GC heap before
{Heap before GC invocations=46 (full 0):
 garbage-first heap   total 133120K, used 100811K [0x0000000080000000, 0x0000000100000000)
  region size 1024K, 31 young (31744K), 4 survivors (4096K)
 Metaspace       used 84147K, committed 84864K, reserved 1130496K
  class space    used 11618K, committed 11968K, reserved 1048576K
}
Event: 17.911 GC heap after
{Heap after GC invocations=47 (full 0):
 garbage-first heap   total 133120K, used 76309K [0x0000000080000000, 0x0000000100000000)
  region size 1024K, 3 young (3072K), 3 survivors (3072K)
 Metaspace       used 84147K, committed 84864K, reserved 1130496K
  class space    used 11618K, committed 11968K, reserved 1048576K
}
Event: 17.942 GC heap before
{Heap before GC invocations=47 (full 0):
 garbage-first heap   total 133120K, used 79381K [0x0000000080000000, 0x0000000100000000)
  region size 1024K, 6 young (6144K), 3 survivors (3072K)
 Metaspace       used 84175K, committed 84864K, reserved 1130496K
  class space    used 11618K, committed 11968K, reserved 1048576K
}
Event: 17.945 GC heap after
{Heap after GC invocations=48 (full 0):
 garbage-first heap   total 133120K, used 76089K [0x0000000080000000, 0x0000000100000000)
  region size 1024K, 1 young (1024K), 1 survivors (1024K)
 Metaspace       used 84175K, committed 84864K, reserved 1130496K
  class space    used 11618K, committed 11968K, reserved 1048576K
}
Event: 18.506 GC heap before
{Heap before GC invocations=48 (full 0):
 garbage-first heap   total 133120K, used 107833K [0x0000000080000000, 0x0000000100000000)
  region size 1024K, 33 young (33792K), 1 survivors (1024K)
 Metaspace       used 84665K, committed 85312K, reserved 1130496K
  class space    used 11653K, committed 11968K, reserved 1048576K
}

