# JRE version: OpenJDK Runtime Environment (17.0.6) (build 17.0.6+0-b2043.56-9586694)
# Java VM: OpenJDK 64-Bit Server VM (17.0.6+0-b2043.56-9586694, mixed mode, tiered, compressed oops, compressed class ptrs, g1 gc, windows-amd64)
GC Precious Log:
 CPUs: 8 total, 8 available
 Memory: 14269M
 Large Page Support: Disabled
 NUMA Support: Disabled
 Compressed Oops: Enabled (32-bit)
 Heap Region Size: 1M
 Heap Min Capacity: 8M
 Heap Initial Capacity: 224M
 Heap Max Capacity: 2G
 Pre-touch: Disabled
 Parallel Workers: 8
 Concurrent Workers: 2
 Concurrent Refinement Workers: 8
 Periodic GC: Disabled
Heap:
 garbage-first heap   total 104448K, used 55773K [0x0000000080000000, 0x0000000100000000)
  region size 1024K, 3 young (3072K), 3 survivors (3072K)
 Metaspace       used 68245K, committed 68736K, reserved 1114112K
  class space    used 9005K, committed 9216K, reserved 1048576K
GC Heap History (20 events):
Event: 9.087 GC heap after
{Heap after GC invocations=23 (full 0):
 garbage-first heap   total 86016K, used 44440K [0x0000000080000000, 0x0000000100000000)
  region size 1024K, 3 young (3072K), 3 survivors (3072K)
 Metaspace       used 53629K, committed 54080K, reserved 1097728K
  class space    used 7091K, committed 7296K, reserved 1048576K
}
Event: 9.452 GC heap before
{Heap before GC invocations=23 (full 0):
 garbage-first heap   total 86016K, used 58776K [0x0000000080000000, 0x0000000100000000)
  region size 1024K, 18 young (18432K), 3 survivors (3072K)
 Metaspace       used 55704K, committed 56256K, reserved 1105920K
  class space    used 7391K, committed 7616K, reserved 1048576K
}
Event: 9.455 GC heap after
{Heap after GC invocations=24 (full 0):
 garbage-first heap   total 86016K, used 45203K [0x0000000080000000, 0x0000000100000000)
  region size 1024K, 1 young (1024K), 1 survivors (1024K)
 Metaspace       used 55704K, committed 56256K, reserved 1105920K
  class space    used 7391K, committed 7616K, reserved 1048576K
}
Event: 9.803 GC heap before
{Heap before GC invocations=25 (full 0):
 garbage-first heap   total 86016K, used 61587K [0x0000000080000000, 0x0000000100000000)
  region size 1024K, 17 young (17408K), 1 survivors (1024K)
 Metaspace       used 58457K, committed 58944K, reserved 1105920K
  class space    used 7727K, committed 7936K, reserved 1048576K
}
Event: 9.806 GC heap after
{Heap after GC invocations=26 (full 0):
 garbage-first heap   total 86016K, used 45806K [0x0000000080000000, 0x0000000100000000)
  region size 1024K, 2 young (2048K), 2 survivors (2048K)
 Metaspace       used 58457K, committed 58944K, reserved 1105920K
  class space    used 7727K, committed 7936K, reserved 1048576K
}
Event: 10.289 GC heap before
{Heap before GC invocations=26 (full 0):
 garbage-first heap   total 86016K, used 62190K [0x0000000080000000, 0x0000000100000000)
  region size 1024K, 19 young (19456K), 2 survivors (2048K)
 Metaspace       used 62432K, committed 62976K, reserved 1105920K
  class space    used 8256K, committed 8512K, reserved 1048576K
}
Event: 10.293 GC heap after
{Heap after GC invocations=27 (full 0):
 garbage-first heap   total 86016K, used 47516K [0x0000000080000000, 0x0000000100000000)
  region size 1024K, 3 young (3072K), 3 survivors (3072K)
 Metaspace       used 62432K, committed 62976K, reserved 1105920K
  class space    used 8256K, committed 8512K, reserved 1048576K
}
Event: 10.357 GC heap before
{Heap before GC invocations=28 (full 0):
 garbage-first heap   total 86016K, used 48540K [0x0000000080000000, 0x0000000100000000)
  region size 1024K, 5 young (5120K), 3 survivors (3072K)
 Metaspace       used 62474K, committed 62976K, reserved 1105920K
  class space    used 8261K, committed 8512K, reserved 1048576K
}
Event: 10.361 GC heap after
{Heap after GC invocations=29 (full 0):
 garbage-first heap   total 86016K, used 47968K [0x0000000080000000, 0x0000000100000000)
  region size 1024K, 2 young (2048K), 2 survivors (2048K)
 Metaspace       used 62474K, committed 62976K, reserved 1105920K
  class space    used 8261K, committed 8512K, reserved 1048576K
}
Event: 10.425 GC heap before
{Heap before GC invocations=30 (full 0):
 garbage-first heap   total 104448K, used 59232K [0x0000000080000000, 0x0000000100000000)
  region size 1024K, 11 young (11264K), 2 survivors (2048K)
 Metaspace       used 62479K, committed 62976K, reserved 1105920K
  class space    used 8261K, committed 8512K, reserved 1048576K
}
Event: 10.428 GC heap after
{Heap after GC invocations=31 (full 0):
 garbage-first heap   total 104448K, used 53759K [0x0000000080000000, 0x0000000100000000)
  region size 1024K, 3 young (3072K), 3 survivors (3072K)
 Metaspace       used 62479K, committed 62976K, reserved 1105920K
  class space    used 8261K, committed 8512K, reserved 1048576K
}
Event: 10.845 GC heap before
{Heap before GC invocations=32 (full 0):
 garbage-first heap   total 104448K, used 76287K [0x0000000080000000, 0x0000000100000000)
  region size 1024K, 23 young (23552K), 3 survivors (3072K)
 Metaspace       used 64557K, committed 65088K, reserved 1105920K
  class space    used 8524K, committed 8768K, reserved 1048576K
}
Event: 10.848 GC heap after
{Heap after GC invocations=33 (full 0):
 garbage-first heap   total 104448K, used 50869K [0x0000000080000000, 0x0000000100000000)
  region size 1024K, 2 young (2048K), 2 survivors (2048K)
 Metaspace       used 64557K, committed 65088K, reserved 1105920K
  class space    used 8524K, committed 8768K, reserved 1048576K
}
Event: 11.175 GC heap before
{Heap before GC invocations=33 (full 0):
 garbage-first heap   total 104448K, used 74421K [0x0000000080000000, 0x0000000100000000)
  region size 1024K, 25 young (25600K), 2 survivors (2048K)
 Metaspace       used 66423K, committed 66944K, reserved 1114112K
  class space    used 8759K, committed 8960K, reserved 1048576K
}
Event: 11.179 GC heap after
{Heap after GC invocations=34 (full 0):
 garbage-first heap   total 104448K, used 52838K [0x0000000080000000, 0x0000000100000000)
  region size 1024K, 4 young (4096K), 4 survivors (4096K)
 Metaspace       used 66423K, committed 66944K, reserved 1114112K
  class space    used 8759K, committed 8960K, reserved 1048576K
}
Event: 11.515 GC heap before
{Heap before GC invocations=35 (full 0):
 garbage-first heap   total 104448K, used 76390K [0x0000000080000000, 0x0000000100000000)
  region size 1024K, 27 young (27648K), 4 survivors (4096K)
 Metaspace       used 67576K, committed 68160K, reserved 1114112K
  class space    used 8920K, committed 9152K, reserved 1048576K
}
Event: 11.521 GC heap after
{Heap after GC invocations=36 (full 0):
 garbage-first heap   total 104448K, used 54414K [0x0000000080000000, 0x0000000100000000)
  region size 1024K, 4 young (4096K), 4 survivors (4096K)
 Metaspace       used 67576K, committed 68160K, reserved 1114112K
  class space    used 8920K, committed 9152K, reserved 1048576K
}
Event: 11.530 GC heap before
{Heap before GC invocations=36 (full 0):
 garbage-first heap   total 104448K, used 55438K [0x0000000080000000, 0x0000000100000000)
  region size 1024K, 5 young (5120K), 4 survivors (4096K)
 Metaspace       used 67576K, committed 68160K, reserved 1114112K
  class space    used 8920K, committed 9152K, reserved 1048576K
}
Event: 11.535 GC heap after
{Heap after GC invocations=37 (full 0):
 garbage-first heap   total 104448K, used 53921K [0x0000000080000000, 0x0000000100000000)
  region size 1024K, 1 young (1024K), 1 survivors (1024K)
 Metaspace       used 67576K, committed 68160K, reserved 1114112K
  class space    used 8920K, committed 9152K, reserved 1048576K
}
Event: 11.802 GC heap before
{Heap before GC invocations=37 (full 0):
 garbage-first heap   total 104448K, used 78497K [0x0000000080000000, 0x0000000100000000)
  region size 1024K, 25 young (25600K), 1 survivors (1024K)
 Metaspace       used 68245K, committed 68736K, reserved 1114112K
  class space    used 9005K, committed 9216K, reserved 1048576K
}

